"../../../Engine/Content/EditorResources/S_Actor.uasset" 0
"../../../Engine/Content/EditorResources/S_Actor.uexp" 1
"../../../Engine/Content/EditorResources/S_BoxReflectionCapture.uasset" 2
"../../../Engine/Content/EditorResources/S_BoxReflectionCapture.uexp" 3
"../../../Engine/Content/EngineResources/DefaultTexture.uasset" 4
"../../../Engine/Content/EngineResources/DefaultTexture.uexp" 5
"../../../Engine/Content/EngineResources/DefaultTextureCube.uasset" 6
"../../../Engine/Content/EngineResources/DefaultTextureCube.uexp" 7
"../../../Engine/Content/EngineResources/DefaultVolumeTexture2D.uasset" 8
"../../../Engine/Content/EngineResources/DefaultVolumeTexture2D.uexp" 9
"../../../Engine/Content/EngineResources/DefaultVolumeTexture.uasset" 10
"../../../Engine/Content/EngineResources/DefaultVolumeTexture.uexp" 11
"../../../Engine/Content/EditorResources/S_Trigger.uasset" 12
"../../../Engine/Content/EditorResources/S_Trigger.uexp" 13
"../../../Engine/Content/EditorResources/S_TriggerBox.uasset" 14
"../../../Engine/Content/EditorResources/S_TriggerBox.uexp" 15
"../../../Engine/Content/EditorResources/S_TriggerCapsule.uasset" 16
"../../../Engine/Content/EditorResources/S_TriggerCapsule.uexp" 17
"../../../Engine/Content/EditorResources/S_TriggerSphere.uasset" 18
"../../../Engine/Content/EditorResources/S_TriggerSphere.uexp" 19
"../../../Engine/Content/EngineMeshes/Sphere.uasset" 20
"../../../Engine/Content/EngineMeshes/Sphere.uexp" 21
"../../../Engine/Content/EngineResources/GradientTexture0.uasset" 22
"../../../Engine/Content/EngineResources/GradientTexture0.uexp" 23
"../../../Engine/Content/EngineResources/Black.uasset" 24
"../../../Engine/Content/EngineResources/Black.uexp" 25
"../../../Engine/Content/VREditor/LaserPointer/VR_LaserPower_01.uasset" 26
"../../../Engine/Content/VREditor/LaserPointer/VR_LaserPower_01.uexp" 27
"../../../Engine/Content/VREditor/TransformGizmo/TransformGizmoMaterial.uasset" 28
"../../../Engine/Content/VREditor/TransformGizmo/TransformGizmoMaterial.uexp" 29
"../../../Engine/Content/VREditor/TransformGizmo/TranslucentTransformGizmoMaterial.uasset" 30
"../../../Engine/Content/VREditor/TransformGizmo/TranslucentTransformGizmoMaterial.uexp" 31
"../../../Engine/Content/VREditor/TransformGizmo/PlaneTranslationHandle.uasset" 32
"../../../Engine/Content/VREditor/TransformGizmo/PlaneTranslationHandle.uexp" 33
"../../../Engine/Content/VREditor/TransformGizmo/BoundingBoxCorner.uasset" 34
"../../../Engine/Content/VREditor/TransformGizmo/BoundingBoxCorner.uexp" 35
"../../../Engine/Content/VREditor/TransformGizmo/BoundingBoxEdge.uasset" 36
"../../../Engine/Content/VREditor/TransformGizmo/BoundingBoxEdge.uexp" 37
"../../../Engine/Content/VREditor/TransformGizmo/Main.uasset" 38
"../../../Engine/Content/VREditor/TransformGizmo/Main.uexp" 39
"../../../Engine/Content/VREditor/TransformGizmo/Xray.uasset" 40
"../../../Engine/Content/VREditor/TransformGizmo/Xray.uexp" 41
"../../../Engine/Content/VREditor/TransformGizmo/SM_Sequencer_Node.uasset" 42
"../../../Engine/Content/VREditor/TransformGizmo/SM_Sequencer_Node.uexp" 43
"../../../Engine/Content/EditorMaterials/Camera/CineMat.uasset" 44
"../../../Engine/Content/EditorMaterials/Camera/CineMat.uexp" 45
"../../../Engine/Content/EditorMaterials/Camera/MI_CineMat_Rig.uasset" 46
"../../../Engine/Content/EditorMaterials/Camera/MI_CineMat_Rig.uexp" 47
"../../../Engine/Content/EditorMeshes/Camera/SM_CraneRig_Base.uasset" 48
"../../../Engine/Content/EditorMeshes/Camera/SM_CraneRig_Base.uexp" 49
"../../../Engine/Content/EditorMeshes/Camera/SM_CraneRig_Arm.uasset" 50
"../../../Engine/Content/EditorMeshes/Camera/SM_CraneRig_Arm.uexp" 51
"../../../Engine/Content/EditorMeshes/Camera/SM_CraneRig_Mount.uasset" 52
"../../../Engine/Content/EditorMeshes/Camera/SM_CraneRig_Mount.uexp" 53
"../../../Engine/Content/EditorMeshes/Camera/SM_CraneRig_Body.uasset" 54
"../../../Engine/Content/EditorMeshes/Camera/SM_CraneRig_Body.uexp" 55
"../../../Engine/Content/EditorMeshes/Camera/SM_RailRig_Track.uasset" 56
"../../../Engine/Content/EditorMeshes/Camera/SM_RailRig_Track.uexp" 57
"../../../Engine/Content/EditorMeshes/Camera/SM_RailRig_Mount.uasset" 58
"../../../Engine/Content/EditorMeshes/Camera/SM_RailRig_Mount.uexp" 59
"../../../Engine/Content/EngineMaterials/T_Default_Material_Grid_M.uasset" 60
"../../../Engine/Content/EngineMaterials/T_Default_Material_Grid_M.uexp" 61
"../../../Engine/Content/EngineMaterials/T_Default_Material_Grid_N.uasset" 62
"../../../Engine/Content/EngineMaterials/T_Default_Material_Grid_N.uexp" 63
"../../../Engine/Content/Functions/Engine_MaterialFunctions01/Opacity/CameraDepthFade.uasset" 64
"../../../Engine/Content/Functions/Engine_MaterialFunctions01/Opacity/CameraDepthFade.uexp" 65
"../../../Engine/Content/EngineMaterials/WorldGridMaterial.uasset" 66
"../../../Engine/Content/EngineMaterials/WorldGridMaterial.uexp" 67
"../../../Engine/Content/ArtTools/RenderToTexture/Meshes/S_1_Unit_Plane.uasset" 68
"../../../Engine/Content/ArtTools/RenderToTexture/Meshes/S_1_Unit_Plane.uexp" 69
"../../../Engine/Content/EditorMaterials/ParticleSystems/PSysThumbnail_NoImage.uasset" 70
"../../../Engine/Content/EditorMaterials/ParticleSystems/PSysThumbnail_NoImage.uexp" 71
"../../../Engine/Content/EditorMaterials/ParticleSystems/PSysThumbnail_OOD.uasset" 72
"../../../Engine/Content/EditorMaterials/ParticleSystems/PSysThumbnail_OOD.uexp" 73
"../../../Engine/Content/EditorLandscapeResources/SplineEditorMeshMat.uasset" 74
"../../../Engine/Content/EditorLandscapeResources/SplineEditorMeshMat.uexp" 75
"../../../Engine/Content/EditorLandscapeResources/SplineEditorMesh.uasset" 76
"../../../Engine/Content/EditorLandscapeResources/SplineEditorMesh.uexp" 77
"../../../Engine/Content/EditorResources/S_Solver.uasset" 78
"../../../Engine/Content/EditorResources/S_Solver.uexp" 79
"../../../Engine/Plugins/Media/MediaPlate/Content/SM_MediaPlateScreen.uasset" 80
"../../../Engine/Plugins/Media/MediaPlate/Content/SM_MediaPlateScreen.uexp" 81
"../../../Engine/Content/EngineMaterials/Good64x64TilingNoiseHighFreq.uasset" 82
"../../../Engine/Content/EngineMaterials/Good64x64TilingNoiseHighFreq.uexp" 83
"../../../Engine/Content/EngineMaterials/DefaultBokeh.uasset" 84
"../../../Engine/Content/EngineMaterials/DefaultBokeh.uexp" 85
"../../../Engine/Content/EngineMaterials/PreintegratedSkinBRDF.uasset" 86
"../../../Engine/Content/EngineMaterials/PreintegratedSkinBRDF.uexp" 87
"../../../Engine/Content/EngineMaterials/MiniFont.uasset" 88
"../../../Engine/Content/EngineMaterials/MiniFont.uexp" 89
"../../../Engine/Content/EngineMaterials/WeightMapPlaceholderTexture.uasset" 90
"../../../Engine/Content/EngineMaterials/WeightMapPlaceholderTexture.uexp" 91
"../../../Engine/Content/EngineMaterials/DefaultWhiteGrid.uasset" 92
"../../../Engine/Content/EngineMaterials/DefaultWhiteGrid.uexp" 93
"../../../Engine/Content/EngineMaterials/DefaultNormal.uasset" 94
"../../../Engine/Content/EngineMaterials/DefaultNormal.uexp" 95
"../../../Engine/Plugins/Interchange/Runtime/Content/Materials/MapOrLinearColorFunction.uasset" 96
"../../../Engine/Plugins/Interchange/Runtime/Content/Materials/MapOrLinearColorFunction.uexp" 97
"../../../Engine/Plugins/Interchange/Runtime/Content/Materials/MapOrScalarFunction.uasset" 98
"../../../Engine/Plugins/Interchange/Runtime/Content/Materials/MapOrScalarFunction.uexp" 99
"../../../Engine/Plugins/Interchange/Runtime/Content/Materials/MapOrColorFunction.uasset" 100
"../../../Engine/Plugins/Interchange/Runtime/Content/Materials/MapOrColorFunction.uexp" 101
"../../../Engine/Content/EngineMaterials/BaseFlattenLinearColor.uasset" 102
"../../../Engine/Content/EngineMaterials/BaseFlattenLinearColor.uexp" 103
"../../../Engine/Plugins/Interchange/Runtime/Content/Materials/CommonMaterial.uasset" 104
"../../../Engine/Plugins/Interchange/Runtime/Content/Materials/CommonMaterial.uexp" 105
"../../../Engine/Plugins/Interchange/Runtime/Content/Materials/LambertSurfaceMaterial.uasset" 106
"../../../Engine/Plugins/Interchange/Runtime/Content/Materials/LambertSurfaceMaterial.uexp" 107
"../../../Engine/Plugins/Interchange/Runtime/Content/Materials/PBRSurfaceFunction.uasset" 108
"../../../Engine/Plugins/Interchange/Runtime/Content/Materials/PBRSurfaceFunction.uexp" 109
"../../../Engine/Plugins/Interchange/Runtime/Content/Materials/ClearCoatMaterial.uasset" 110
"../../../Engine/Plugins/Interchange/Runtime/Content/Materials/ClearCoatMaterial.uexp" 111
"../../../Engine/Plugins/Interchange/Runtime/Content/Pipelines/DefaultTexturePipeline.uasset" 112
"../../../Engine/Plugins/Interchange/Runtime/Content/Pipelines/DefaultTexturePipeline.uexp" 113
"../../../Engine/Plugins/Interchange/Runtime/Content/Pipelines/DefaultSceneLevelPipeline.uasset" 114
"../../../Engine/Plugins/Interchange/Runtime/Content/Pipelines/DefaultSceneLevelPipeline.uexp" 115
"../../../Engine/Plugins/Interchange/Runtime/Content/Pipelines/DefaultSceneAssetsPipeline.uasset" 116
"../../../Engine/Plugins/Interchange/Runtime/Content/Pipelines/DefaultSceneAssetsPipeline.uexp" 117
"../../../Engine/Plugins/Interchange/Runtime/Content/Materials/ThinTranslucentMaterial.uasset" 118
"../../../Engine/Plugins/Interchange/Runtime/Content/Materials/ThinTranslucentMaterial.uexp" 119
"../../../Engine/Plugins/Interchange/Runtime/Content/Materials/SubsurfaceMaterial.uasset" 120
"../../../Engine/Plugins/Interchange/Runtime/Content/Materials/SubsurfaceMaterial.uexp" 121
"../../../Engine/Plugins/Interchange/Runtime/Content/gltf/Textures/T_Gray_Linear.uasset" 122
"../../../Engine/Plugins/Interchange/Runtime/Content/gltf/Textures/T_Gray_Linear.uexp" 123
"../../../Engine/Plugins/Interchange/Runtime/Content/gltf/Textures/T_Black_srgb.uasset" 124
"../../../Engine/Plugins/Interchange/Runtime/Content/gltf/Textures/T_Black_srgb.uexp" 125
"../../../Engine/Plugins/Interchange/Runtime/Content/Materials/UnlitMaterial.uasset" 126
"../../../Engine/Plugins/Interchange/Runtime/Content/Materials/UnlitMaterial.uexp" 127
"../../../Engine/Plugins/Interchange/Runtime/Content/Materials/SheenMaterial.uasset" 128
"../../../Engine/Plugins/Interchange/Runtime/Content/Materials/SheenMaterial.uexp" 129
"../../../Engine/Content/Functions/Engine_MaterialFunctions01/Shading/ConvertFromDiffSpec.uasset" 130
"../../../Engine/Content/Functions/Engine_MaterialFunctions01/Shading/ConvertFromDiffSpec.uexp" 131
"../../../Engine/Plugins/Interchange/Runtime/Content/Materials/PhongSurfaceMaterial.uasset" 132
"../../../Engine/Plugins/Interchange/Runtime/Content/Materials/PhongSurfaceMaterial.uexp" 133
"../../../Engine/Plugins/Interchange/Runtime/Content/Materials/PBRSurfaceMaterial.uasset" 134
"../../../Engine/Plugins/Interchange/Runtime/Content/Materials/PBRSurfaceMaterial.uexp" 135
"../../../Engine/Content/EngineMaterials/FlatNormal.uasset" 136
"../../../Engine/Content/EngineMaterials/FlatNormal.uexp" 137
"../../../Engine/Plugins/Interchange/Runtime/Content/Functions/MF_OrenNayerView.uasset" 138
"../../../Engine/Plugins/Interchange/Runtime/Content/Functions/MF_OrenNayerView.uexp" 139
"../../../Engine/Content/EditorLandscapeResources/WhiteSquareTexture.uasset" 140
"../../../Engine/Content/EditorLandscapeResources/WhiteSquareTexture.uexp" 141
"../../../Engine/Plugins/Interchange/Runtime/Content/Functions/MF_SchlickApprox.uasset" 142
"../../../Engine/Plugins/Interchange/Runtime/Content/Functions/MF_SchlickApprox.uexp" 143
"../../../Engine/Plugins/Interchange/Runtime/Content/Utilities/New_LUT.uasset" 144
"../../../Engine/Plugins/Interchange/Runtime/Content/Utilities/New_LUT.uexp" 145
"../../../Engine/Content/Functions/Engine_MaterialFunctions03/Math/RemapValueRange.uasset" 146
"../../../Engine/Content/Functions/Engine_MaterialFunctions03/Math/RemapValueRange.uexp" 147
"../../../Engine/Plugins/Interchange/Runtime/Content/Functions/MF_Iridescence.uasset" 148
"../../../Engine/Plugins/Interchange/Runtime/Content/Functions/MF_Iridescence.uexp" 149
"../../../Engine/Plugins/Interchange/Runtime/Content/Materials/OrenNayerMaterial.uasset" 150
"../../../Engine/Plugins/Interchange/Runtime/Content/Materials/OrenNayerMaterial.uexp" 151
"../../../Engine/Plugins/Interchange/Runtime/Content/Pipelines/DefaultMaterialPipeline.uasset" 152
"../../../Engine/Plugins/Interchange/Runtime/Content/Pipelines/DefaultMaterialPipeline.uexp" 153
"C:/Users/Public/Unreal Projects/MobileRPG/Content/Characters/Mannequins/Meshes/SK_Mannequin.uasset" 154
"C:/Users/Public/Unreal Projects/MobileRPG/Content/Characters/Mannequins/Meshes/SK_Mannequin.uexp" 155
"C:/Users/Public/Unreal Projects/MobileRPG/Content/Characters/Mannequins/Textures/Quinn/T_Quinn_02ID_MSR_MSK.uasset" 156
"C:/Users/Public/Unreal Projects/MobileRPG/Content/Characters/Mannequins/Textures/Quinn/T_Quinn_02ID_MSR_MSK.uexp" 157
"C:/Users/Public/Unreal Projects/MobileRPG/Content/Characters/Mannequins/Textures/Quinn/T_Quinn_02ID_BN.uasset" 158
"C:/Users/Public/Unreal Projects/MobileRPG/Content/Characters/Mannequins/Textures/Quinn/T_Quinn_02ID_BN.uexp" 159
"C:/Users/Public/Unreal Projects/MobileRPG/Content/Characters/Mannequins/Textures/Quinn/T_Quinn_02_ASAOMASK_MSK.uasset" 160
"C:/Users/Public/Unreal Projects/MobileRPG/Content/Characters/Mannequins/Textures/Quinn/T_Quinn_02_ASAOMASK_MSK.uexp" 161
"C:/Users/Public/Unreal Projects/MobileRPG/Content/Characters/Mannequins/Textures/Quinn/T_Quinn_02_CCRCCPlastic_MSK.uasset" 162
"C:/Users/Public/Unreal Projects/MobileRPG/Content/Characters/Mannequins/Textures/Quinn/T_Quinn_02_CCRCCPlastic_MSK.uexp" 163
"C:/Users/Public/Unreal Projects/MobileRPG/Content/Characters/Mannequins/Textures/Quinn/T_Quinn_02ID_Tan.uasset" 164
"C:/Users/Public/Unreal Projects/MobileRPG/Content/Characters/Mannequins/Textures/Quinn/T_Quinn_02ID_Tan.uexp" 165
"C:/Users/Public/Unreal Projects/MobileRPG/Content/Characters/Mannequins/Textures/Quinn/T_Quinn_02ID_D.uasset" 166
"C:/Users/Public/Unreal Projects/MobileRPG/Content/Characters/Mannequins/Textures/Quinn/T_Quinn_02ID_D.uexp" 167
"C:/Users/Public/Unreal Projects/MobileRPG/Content/Characters/Mannequins/Textures/Quinn/T_Quinn_01ID_MSR_MSK.uasset" 168
"C:/Users/Public/Unreal Projects/MobileRPG/Content/Characters/Mannequins/Textures/Quinn/T_Quinn_01ID_MSR_MSK.uexp" 169
"C:/Users/Public/Unreal Projects/MobileRPG/Content/Characters/Mannequins/Materials/Functions/ChromaticCurve.uasset" 170
"C:/Users/Public/Unreal Projects/MobileRPG/Content/Characters/Mannequins/Materials/Functions/ChromaticCurve.uexp" 171
"C:/Users/Public/Unreal Projects/MobileRPG/Content/Characters/Mannequins/Materials/Functions/CA_Mannequin.uasset" 172
"C:/Users/Public/Unreal Projects/MobileRPG/Content/Characters/Mannequins/Materials/Functions/CA_Mannequin.uexp" 173
"C:/Users/Public/Unreal Projects/MobileRPG/Content/Characters/Mannequins/Materials/Functions/MF_Diffraction.uasset" 174
"C:/Users/Public/Unreal Projects/MobileRPG/Content/Characters/Mannequins/Materials/Functions/MF_Diffraction.uexp" 175
"C:/Users/Public/Unreal Projects/MobileRPG/Content/Characters/Mannequins/Textures/Manny/T_Manny_01_N.uasset" 176
"C:/Users/Public/Unreal Projects/MobileRPG/Content/Characters/Mannequins/Textures/Manny/T_Manny_01_N.uexp" 177
"C:/Users/Public/Unreal Projects/MobileRPG/Content/Characters/Mannequins/Materials/Functions/ML_BaseColorFallOff.uasset" 178
"C:/Users/Public/Unreal Projects/MobileRPG/Content/Characters/Mannequins/Materials/Functions/ML_BaseColorFallOff.uexp" 179
"../../../Engine/Content/Functions/Engine_MaterialFunctions02/Utility/BreakOutFloat2Components.uasset" 180
"../../../Engine/Content/Functions/Engine_MaterialFunctions02/Utility/BreakOutFloat2Components.uexp" 181
"../../../Engine/Content/Functions/Engine_MaterialFunctions01/Texturing/ScaleUVsByCenter.uasset" 182
"../../../Engine/Content/Functions/Engine_MaterialFunctions01/Texturing/ScaleUVsByCenter.uexp" 183
"C:/Users/Public/Unreal Projects/MobileRPG/Content/Characters/Mannequins/Textures/Shared/T_UE_Logo_M.uasset" 184
"C:/Users/Public/Unreal Projects/MobileRPG/Content/Characters/Mannequins/Textures/Shared/T_UE_Logo_M.uexp" 185
"C:/Users/Public/Unreal Projects/MobileRPG/Content/Characters/Mannequins/Materials/Functions/MF_logo3layers.uasset" 186
"C:/Users/Public/Unreal Projects/MobileRPG/Content/Characters/Mannequins/Materials/Functions/MF_logo3layers.uexp" 187
"C:/Users/Public/Unreal Projects/MobileRPG/Content/Characters/Mannequins/Textures/Manny/T_Manny_01_CCRCCPlastic_MSK.uasset" 188
"C:/Users/Public/Unreal Projects/MobileRPG/Content/Characters/Mannequins/Textures/Manny/T_Manny_01_CCRCCPlastic_MSK.uexp" 189
"C:/Users/Public/Unreal Projects/MobileRPG/Content/Characters/Mannequins/Textures/Manny/T_Manny_01_ASAOPMASK_MSK.uasset" 190
"C:/Users/Public/Unreal Projects/MobileRPG/Content/Characters/Mannequins/Textures/Manny/T_Manny_01_ASAOPMASK_MSK.uexp" 191
"C:/Users/Public/Unreal Projects/MobileRPG/Content/Characters/Mannequins/Textures/Manny/T_Manny_01_MSR_MSK.uasset" 192
"C:/Users/Public/Unreal Projects/MobileRPG/Content/Characters/Mannequins/Textures/Manny/T_Manny_01_MSR_MSK.uexp" 193
"C:/Users/Public/Unreal Projects/MobileRPG/Content/Characters/Mannequins/Textures/Manny/T_Manny_01_BN.uasset" 194
"C:/Users/Public/Unreal Projects/MobileRPG/Content/Characters/Mannequins/Textures/Manny/T_Manny_01_BN.uexp" 195
"C:/Users/Public/Unreal Projects/MobileRPG/Content/Characters/Mannequins/Textures/Manny/T_Manny_01_D.uasset" 196
"C:/Users/Public/Unreal Projects/MobileRPG/Content/Characters/Mannequins/Textures/Manny/T_Manny_01_D.uexp" 197
"C:/Users/Public/Unreal Projects/MobileRPG/Content/Characters/Mannequins/Textures/Manny/T_Manny_01_Tan.uasset" 198
"C:/Users/Public/Unreal Projects/MobileRPG/Content/Characters/Mannequins/Textures/Manny/T_Manny_01_Tan.uexp" 199
"C:/Users/Public/Unreal Projects/MobileRPG/Content/Characters/Mannequins/Materials/M_Mannequin.uasset" 200
"C:/Users/Public/Unreal Projects/MobileRPG/Content/Characters/Mannequins/Materials/M_Mannequin.uexp" 201
"C:/Users/Public/Unreal Projects/MobileRPG/Content/Characters/Mannequins/Textures/Quinn/T_Quinn_01_ASAOMASK_MSK.uasset" 202
"C:/Users/Public/Unreal Projects/MobileRPG/Content/Characters/Mannequins/Textures/Quinn/T_Quinn_01_ASAOMASK_MSK.uexp" 203
"C:/Users/Public/Unreal Projects/MobileRPG/Content/Characters/Mannequins/Textures/Quinn/T_Quinn_01ID_N.uasset" 204
"C:/Users/Public/Unreal Projects/MobileRPG/Content/Characters/Mannequins/Textures/Quinn/T_Quinn_01ID_N.uexp" 205
"C:/Users/Public/Unreal Projects/MobileRPG/Content/Characters/Mannequins/Textures/Quinn/T_Quinn_01ID_BN.uasset" 206
"C:/Users/Public/Unreal Projects/MobileRPG/Content/Characters/Mannequins/Textures/Quinn/T_Quinn_01ID_BN.uexp" 207
"C:/Users/Public/Unreal Projects/MobileRPG/Content/Characters/Mannequins/Textures/Quinn/T_Quinn_01ID_D.uasset" 208
"C:/Users/Public/Unreal Projects/MobileRPG/Content/Characters/Mannequins/Textures/Quinn/T_Quinn_01ID_D.uexp" 209
"C:/Users/Public/Unreal Projects/MobileRPG/Content/Characters/Mannequins/Textures/Quinn/T_Quinn_01ID_Tan.uasset" 210
"C:/Users/Public/Unreal Projects/MobileRPG/Content/Characters/Mannequins/Textures/Quinn/T_Quinn_01ID_Tan.uexp" 211
"C:/Users/Public/Unreal Projects/MobileRPG/Content/Characters/Mannequins/Textures/Quinn/T_Quinn_01_CCRCCPlastic_MSK.uasset" 212
"C:/Users/Public/Unreal Projects/MobileRPG/Content/Characters/Mannequins/Textures/Quinn/T_Quinn_01_CCRCCPlastic_MSK.uexp" 213
"C:/Users/Public/Unreal Projects/MobileRPG/Content/Characters/Mannequins/Materials/Instances/Quinn/MI_Quinn_01.uasset" 214
"C:/Users/Public/Unreal Projects/MobileRPG/Content/Characters/Mannequins/Materials/Instances/Quinn/MI_Quinn_01.uexp" 215
"C:/Users/Public/Unreal Projects/MobileRPG/Content/Characters/Mannequins/Textures/Quinn/T_Quinn_02ID_N.uasset" 216
"C:/Users/Public/Unreal Projects/MobileRPG/Content/Characters/Mannequins/Textures/Quinn/T_Quinn_02ID_N.uexp" 217
"C:/Users/Public/Unreal Projects/MobileRPG/Content/Characters/Mannequins/Materials/Instances/Quinn/MI_Quinn_02.uasset" 218
"C:/Users/Public/Unreal Projects/MobileRPG/Content/Characters/Mannequins/Materials/Instances/Quinn/MI_Quinn_02.uexp" 219
"C:/Users/Public/Unreal Projects/MobileRPG/Content/Characters/Mannequins/Rigs/PA_Mannequin.uasset" 220
"C:/Users/Public/Unreal Projects/MobileRPG/Content/Characters/Mannequins/Rigs/PA_Mannequin.uexp" 221
"C:/Users/Public/Unreal Projects/MobileRPG/Content/Characters/Mannequins/Meshes/SKM_Quinn_Simple.uasset" 222
"C:/Users/Public/Unreal Projects/MobileRPG/Content/Characters/Mannequins/Meshes/SKM_Quinn_Simple.uexp" 223
"C:/Users/Public/Unreal Projects/MobileRPG/Content/ThirdPerson/Input/Actions/IA_Jump.uasset" 224
"C:/Users/Public/Unreal Projects/MobileRPG/Content/ThirdPerson/Input/Actions/IA_Jump.uexp" 225
"C:/Users/Public/Unreal Projects/MobileRPG/Content/ThirdPerson/Input/Actions/IA_Look.uasset" 226
"C:/Users/Public/Unreal Projects/MobileRPG/Content/ThirdPerson/Input/Actions/IA_Look.uexp" 227
"C:/Users/Public/Unreal Projects/MobileRPG/Content/ThirdPerson/Input/Actions/IA_Move.uasset" 228
"C:/Users/Public/Unreal Projects/MobileRPG/Content/ThirdPerson/Input/Actions/IA_Move.uexp" 229
"C:/Users/Public/Unreal Projects/MobileRPG/Content/ThirdPerson/Input/IMC_Default.uasset" 230
"C:/Users/Public/Unreal Projects/MobileRPG/Content/ThirdPerson/Input/IMC_Default.uexp" 231
"../../../Engine/Content/Animation/DefaultAnimCurveCompressionSettings.uasset" 232
"../../../Engine/Content/Animation/DefaultAnimCurveCompressionSettings.uexp" 233
"../../../Engine/Content/Animation/DefaultAnimBoneCompressionSettings.uasset" 234
"../../../Engine/Content/Animation/DefaultAnimBoneCompressionSettings.uexp" 235
"C:/Users/Public/Unreal Projects/MobileRPG/Content/Characters/Mannequins/Animations/Quinn/MF_Run_Fwd.uasset" 236
"C:/Users/Public/Unreal Projects/MobileRPG/Content/Characters/Mannequins/Animations/Quinn/MF_Run_Fwd.uexp" 237
"C:/Users/Public/Unreal Projects/MobileRPG/Content/Characters/Mannequins/Animations/Quinn/MF_Walk_Fwd.uasset" 238
"C:/Users/Public/Unreal Projects/MobileRPG/Content/Characters/Mannequins/Animations/Quinn/MF_Walk_Fwd.uexp" 239
"../../../Engine/Content/Animation/DefaultRecorderBoneCompression.uasset" 240
"../../../Engine/Content/Animation/DefaultRecorderBoneCompression.uexp" 241
"C:/Users/Public/Unreal Projects/MobileRPG/Content/Characters/Mannequins/Animations/Manny/MM_Walk_InPlace.uasset" 242
"C:/Users/Public/Unreal Projects/MobileRPG/Content/Characters/Mannequins/Animations/Manny/MM_Walk_InPlace.uexp" 243
"C:/Users/Public/Unreal Projects/MobileRPG/Content/Characters/Mannequins/Animations/Quinn/BS_MF_Unarmed_WalkRun.uasset" 244
"C:/Users/Public/Unreal Projects/MobileRPG/Content/Characters/Mannequins/Animations/Quinn/BS_MF_Unarmed_WalkRun.uexp" 245
"C:/Users/Public/Unreal Projects/MobileRPG/Content/Characters/Mannequins/Animations/Quinn/MF_Idle.uasset" 246
"C:/Users/Public/Unreal Projects/MobileRPG/Content/Characters/Mannequins/Animations/Quinn/MF_Idle.uexp" 247
"C:/Users/Public/Unreal Projects/MobileRPG/Content/Characters/Mannequins/Animations/Manny/MM_Fall_Loop.uasset" 248
"C:/Users/Public/Unreal Projects/MobileRPG/Content/Characters/Mannequins/Animations/Manny/MM_Fall_Loop.uexp" 249
"C:/Users/Public/Unreal Projects/MobileRPG/Content/Characters/Mannequins/Animations/Manny/MM_Jump.uasset" 250
"C:/Users/Public/Unreal Projects/MobileRPG/Content/Characters/Mannequins/Animations/Manny/MM_Jump.uexp" 251
"../../../Engine/Plugins/Animation/ControlRig/Content/Controls/DefaultGizmoLibrary.uasset" 252
"../../../Engine/Plugins/Animation/ControlRig/Content/Controls/DefaultGizmoLibrary.uexp" 253
"C:/Users/Public/Unreal Projects/MobileRPG/Content/Characters/Mannequins/Rigs/CR_Mannequin_BasicFootIK.uasset" 254
"C:/Users/Public/Unreal Projects/MobileRPG/Content/Characters/Mannequins/Rigs/CR_Mannequin_BasicFootIK.uexp" 255
"C:/Users/Public/Unreal Projects/MobileRPG/Content/Characters/Mannequins/Animations/Manny/MM_Run_Fwd.uasset" 256
"C:/Users/Public/Unreal Projects/MobileRPG/Content/Characters/Mannequins/Animations/Manny/MM_Run_Fwd.uexp" 257
"C:/Users/Public/Unreal Projects/MobileRPG/Content/Characters/Mannequins/Animations/Manny/MM_Walk_Fwd.uasset" 258
"C:/Users/Public/Unreal Projects/MobileRPG/Content/Characters/Mannequins/Animations/Manny/MM_Walk_Fwd.uexp" 259
"C:/Users/Public/Unreal Projects/MobileRPG/Content/Characters/Mannequins/Animations/Manny/BS_MM_WalkRun.uasset" 260
"C:/Users/Public/Unreal Projects/MobileRPG/Content/Characters/Mannequins/Animations/Manny/BS_MM_WalkRun.uexp" 261
"C:/Users/Public/Unreal Projects/MobileRPG/Content/Characters/Mannequins/Animations/Manny/MM_Land.uasset" 262
"C:/Users/Public/Unreal Projects/MobileRPG/Content/Characters/Mannequins/Animations/Manny/MM_Land.uexp" 263
"C:/Users/Public/Unreal Projects/MobileRPG/Content/Characters/Mannequins/Animations/Manny/MM_Idle.uasset" 264
"C:/Users/Public/Unreal Projects/MobileRPG/Content/Characters/Mannequins/Animations/Manny/MM_Idle.uexp" 265
"C:/Users/Public/Unreal Projects/MobileRPG/Content/Characters/Mannequins/Animations/ABP_Manny.uasset" 266
"C:/Users/Public/Unreal Projects/MobileRPG/Content/Characters/Mannequins/Animations/ABP_Manny.uexp" 267
"C:/Users/Public/Unreal Projects/MobileRPG/Content/Characters/Mannequins/Animations/ABP_Quinn.uasset" 268
"C:/Users/Public/Unreal Projects/MobileRPG/Content/Characters/Mannequins/Animations/ABP_Quinn.uexp" 269
"C:/Users/Public/Unreal Projects/MobileRPG/Content/ThirdPerson/Blueprints/BP_ThirdPersonCharacter.uasset" 270
"C:/Users/Public/Unreal Projects/MobileRPG/Content/ThirdPerson/Blueprints/BP_ThirdPersonCharacter.uexp" 271
"../../../Engine/Content/EngineMaterials/DefaultMaterial.uasset" 272
"../../../Engine/Content/EngineMaterials/DefaultMaterial.uexp" 273
"../../../Engine/Content/BasicShapes/Sphere.uasset" 274
"../../../Engine/Content/BasicShapes/Sphere.uexp" 275
"../../../Engine/Content/BasicShapes/Plane.uasset" 276
"../../../Engine/Content/BasicShapes/Plane.uexp" 277
"../../../Engine/Content/BasicShapes/Cylinder.uasset" 278
"../../../Engine/Content/BasicShapes/Cylinder.uexp" 279
"../../../Engine/Content/BasicShapes/Cube.uasset" 280
"../../../Engine/Content/BasicShapes/Cube.uexp" 281
"../../../Engine/Content/BasicShapes/Cone.uasset" 282
"../../../Engine/Content/BasicShapes/Cone.uexp" 283
"../../../Engine/Content/EditorLandscapeResources/DefaultAlphaTexture.uasset" 284
"../../../Engine/Content/EditorLandscapeResources/DefaultAlphaTexture.uexp" 285
"../../../Engine/Content/EditorLandscapeResources/DataLayer.uasset" 286
"../../../Engine/Content/EditorLandscapeResources/DataLayer.uexp" 287
"../../../Engine/Content/EditorMaterials/PreviewShadowIndicator.uasset" 288
"../../../Engine/Content/EditorMaterials/PreviewShadowIndicator.uexp" 289
"../../../Engine/Content/EditorMaterials/PreviewShadowIndicatorMaterial.uasset" 290
"../../../Engine/Content/EditorMaterials/PreviewShadowIndicatorMaterial.uexp" 291
"../../../Engine/Content/EditorMaterials/PhAT_UnselectedMaterial.uasset" 292
"../../../Engine/Content/EditorMaterials/PhAT_UnselectedMaterial.uexp" 293
"../../../Engine/Content/EditorMaterials/PhAT_NoCollisionMaterial.uasset" 294
"../../../Engine/Content/EditorMaterials/PhAT_NoCollisionMaterial.uexp" 295
"../../../Engine/Content/Functions/Engine_MaterialFunctions02/Utility/MakeFloat4.uasset" 296
"../../../Engine/Content/Functions/Engine_MaterialFunctions02/Utility/MakeFloat4.uexp" 297
"../../../Engine/Content/Functions/Engine_MaterialFunctions02/Utility/MakeFloat3.uasset" 298
"../../../Engine/Content/Functions/Engine_MaterialFunctions02/Utility/MakeFloat3.uexp" 299
"../../../Engine/Content/Functions/Engine_MaterialFunctions02/Utility/BreakOutFloat3Components.uasset" 300
"../../../Engine/Content/Functions/Engine_MaterialFunctions02/Utility/BreakOutFloat3Components.uexp" 301
"../../../Engine/Content/EditorMaterials/WorldPartition/WorldPartitionSpatialHashGridPreviewMaterial.uasset" 302
"../../../Engine/Content/EditorMaterials/WorldPartition/WorldPartitionSpatialHashGridPreviewMaterial.uexp" 303
"../../../Engine/Content/EditorResources/S_Terrain.uasset" 304
"../../../Engine/Content/EditorResources/S_Terrain.uexp" 305
"../../../Engine/Content/EditorResources/EmptyActor.uasset" 306
"../../../Engine/Content/EditorResources/EmptyActor.uexp" 307
"../../../Engine/Content/EditorResources/BSPVertex.uasset" 308
"../../../Engine/Content/EditorResources/BSPVertex.uexp" 309
"../../../Engine/Content/EditorResources/SequenceRecorder/RecordingIndicator.uasset" 310
"../../../Engine/Content/EditorResources/SequenceRecorder/RecordingIndicator.uexp" 311
"../../../Engine/Content/EditorResources/SequenceRecorder/Countdown.uasset" 312
"../../../Engine/Content/EditorResources/SequenceRecorder/Countdown.uexp" 313
"../../../Engine/Content/EngineDamageTypes/DmgTypeBP_Environmental.uasset" 314
"../../../Engine/Content/EngineDamageTypes/DmgTypeBP_Environmental.uexp" 315
"../../../Engine/Content/Functions/Engine_MaterialFunctions02/Utility/CameraDirectionVector.uasset" 316
"../../../Engine/Content/Functions/Engine_MaterialFunctions02/Utility/CameraDirectionVector.uexp" 317
"../../../Engine/Content/EngineDebugMaterials/VolumeToRender.uasset" 318
"../../../Engine/Content/EngineDebugMaterials/VolumeToRender.uexp" 319
"../../../Engine/Content/EngineDebugMaterials/M_VolumeRenderSphereTracePP.uasset" 320
"../../../Engine/Content/EngineDebugMaterials/M_VolumeRenderSphereTracePP.uexp" 321
"../../../Engine/Content/EngineDebugMaterials/M_SimpleUnlitTranslucent.uasset" 322
"../../../Engine/Content/EngineDebugMaterials/M_SimpleUnlitTranslucent.uexp" 323
"../../../Engine/Content/EngineDebugMaterials/DebugMeshMaterial.uasset" 324
"../../../Engine/Content/EngineDebugMaterials/DebugMeshMaterial.uexp" 325
"../../../Engine/Content/EngineDebugMaterials/DebugEditorMaterial.uasset" 326
"../../../Engine/Content/EngineDebugMaterials/DebugEditorMaterial.uexp" 327
"../../../Engine/Content/EngineFonts/Faces/RobotoLight.uexp" 328
"../../../Engine/Content/EngineFonts/Faces/RobotoLight.uasset" 329
"../../../Engine/Content/EngineFonts/Faces/RobotoLight.ufont" 330
"../../../Engine/Content/EngineFonts/Faces/RobotoBold.uexp" 331
"../../../Engine/Content/EngineFonts/Faces/RobotoBold.uasset" 332
"../../../Engine/Content/EngineFonts/Faces/RobotoBold.ufont" 333
"../../../Engine/Content/EngineFonts/Faces/RobotoRegular.uexp" 334
"../../../Engine/Content/EngineFonts/Faces/RobotoRegular.uasset" 335
"../../../Engine/Content/EngineFonts/Faces/RobotoRegular.ufont" 336
"../../../Engine/Content/EngineFonts/Faces/DroidSansFallback.uexp" 337
"../../../Engine/Content/EngineFonts/Faces/DroidSansFallback.uasset" 338
"../../../Engine/Content/EngineFonts/Faces/DroidSansFallback.ufont" 339
"../../../Engine/Content/EngineFonts/Faces/RobotoItalic.uexp" 340
"../../../Engine/Content/EngineFonts/Faces/RobotoItalic.uasset" 341
"../../../Engine/Content/EngineFonts/Faces/RobotoItalic.ufont" 342
"../../../Engine/Content/EngineFonts/Faces/RobotoBoldItalic.uexp" 343
"../../../Engine/Content/EngineFonts/Faces/RobotoBoldItalic.uasset" 344
"../../../Engine/Content/EngineFonts/Faces/RobotoBoldItalic.ufont" 345
"../../../Engine/Content/EngineResources/WhiteSquareTexture.uasset" 346
"../../../Engine/Content/EngineResources/WhiteSquareTexture.uexp" 347
"../../../Engine/Content/EngineMaterials/Widget3DPassThrough.uasset" 348
"../../../Engine/Content/EngineMaterials/Widget3DPassThrough.uexp" 349
"../../../Engine/Content/EngineMaterials/Widget3DPassThrough_Translucent.uasset" 350
"../../../Engine/Content/EngineMaterials/Widget3DPassThrough_Translucent.uexp" 351
"../../../Engine/Content/EngineMaterials/Widget3DPassThrough_Translucent_OneSided.uasset" 352
"../../../Engine/Content/EngineMaterials/Widget3DPassThrough_Translucent_OneSided.uexp" 353
"../../../Engine/Content/EngineMaterials/Widget3DPassThrough_Opaque.uasset" 354
"../../../Engine/Content/EngineMaterials/Widget3DPassThrough_Opaque.uexp" 355
"../../../Engine/Content/EngineMaterials/Widget3DPassThrough_Opaque_OneSided.uasset" 356
"../../../Engine/Content/EngineMaterials/Widget3DPassThrough_Opaque_OneSided.uexp" 357
"../../../Engine/Content/EngineMaterials/Widget3DPassThrough_Masked_OneSided.uasset" 358
"../../../Engine/Content/EngineMaterials/Widget3DPassThrough_Masked_OneSided.uexp" 359
"../../../Engine/Content/EngineMaterials/Widget3DPassThrough_Masked.uasset" 360
"../../../Engine/Content/EngineMaterials/Widget3DPassThrough_Masked.uexp" 361
"../../../Engine/Plugins/Interchange/Runtime/Content/gltf/MaterialFunctions/MF_RotateV2.uasset" 362
"../../../Engine/Plugins/Interchange/Runtime/Content/gltf/MaterialFunctions/MF_RotateV2.uexp" 363
"../../../Engine/Plugins/Interchange/Runtime/Content/gltf/MaterialFunctions/MF_TransformUVs.uasset" 364
"../../../Engine/Plugins/Interchange/Runtime/Content/gltf/MaterialFunctions/MF_TransformUVs.uexp" 365
"../../../Engine/Plugins/Interchange/Runtime/Content/gltf/Textures/T_White_srgb.uasset" 366
"../../../Engine/Plugins/Interchange/Runtime/Content/gltf/Textures/T_White_srgb.uexp" 367
"../../../Engine/Plugins/Interchange/Runtime/Content/gltf/MaterialFunctions/MF_BaseColor.uasset" 368
"../../../Engine/Plugins/Interchange/Runtime/Content/gltf/MaterialFunctions/MF_BaseColor.uexp" 369
"../../../Engine/Plugins/Interchange/Runtime/Content/gltf/MaterialFunctions/MF_DiffuseSpecGloss.uasset" 370
"../../../Engine/Plugins/Interchange/Runtime/Content/gltf/MaterialFunctions/MF_DiffuseSpecGloss.uexp" 371
"../../../Engine/Plugins/Interchange/Runtime/Content/gltf/Textures/T_White_Linear.uasset" 372
"../../../Engine/Plugins/Interchange/Runtime/Content/gltf/Textures/T_White_Linear.uexp" 373
"../../../Engine/Plugins/Interchange/Runtime/Content/gltf/MaterialFunctions/MF_MetallicRoughness.uasset" 374
"../../../Engine/Plugins/Interchange/Runtime/Content/gltf/MaterialFunctions/MF_MetallicRoughness.uexp" 375
"../../../Engine/Content/Functions/Engine_MaterialFunctions02/Math/Transform3x3Matrix.uasset" 376
"../../../Engine/Content/Functions/Engine_MaterialFunctions02/Math/Transform3x3Matrix.uexp" 377
"../../../Engine/Plugins/Interchange/Runtime/Content/gltf/MaterialFunctions/MF_RotateNormals_TS.uasset" 378
"../../../Engine/Plugins/Interchange/Runtime/Content/gltf/MaterialFunctions/MF_RotateNormals_TS.uexp" 379
"../../../Engine/Plugins/Interchange/Runtime/Content/gltf/Textures/T_Generic_N.uasset" 380
"../../../Engine/Plugins/Interchange/Runtime/Content/gltf/Textures/T_Generic_N.uexp" 381
"../../../Engine/Plugins/Interchange/Runtime/Content/gltf/MaterialFunctions/MF_Clearcoat.uasset" 382
"../../../Engine/Plugins/Interchange/Runtime/Content/gltf/MaterialFunctions/MF_Clearcoat.uexp" 383
"../../../Engine/Plugins/Interchange/Runtime/Content/gltf/MaterialFunctions/MF_Occlusion.uasset" 384
"../../../Engine/Plugins/Interchange/Runtime/Content/gltf/MaterialFunctions/MF_Occlusion.uexp" 385
"../../../Engine/Plugins/Interchange/Runtime/Content/gltf/MaterialFunctions/MF_Emissive.uasset" 386
"../../../Engine/Plugins/Interchange/Runtime/Content/gltf/MaterialFunctions/MF_Emissive.uexp" 387
"../../../Engine/Plugins/Interchange/Runtime/Content/gltf/MaterialFunctions/MF_Specular.uasset" 388
"../../../Engine/Plugins/Interchange/Runtime/Content/gltf/MaterialFunctions/MF_Specular.uexp" 389
"../../../Engine/Plugins/Interchange/Runtime/Content/gltf/MaterialFunctions/MF_IOR.uasset" 390
"../../../Engine/Plugins/Interchange/Runtime/Content/gltf/MaterialFunctions/MF_IOR.uexp" 391
"../../../Engine/Content/Functions/Engine_MaterialFunctions01/Texturing/FlattenNormal.uasset" 392
"../../../Engine/Content/Functions/Engine_MaterialFunctions01/Texturing/FlattenNormal.uexp" 393
"../../../Engine/Plugins/Interchange/Runtime/Content/gltf/MaterialFunctions/MF_Normals.uasset" 394
"../../../Engine/Plugins/Interchange/Runtime/Content/gltf/MaterialFunctions/MF_Normals.uexp" 395
"../../../Engine/Content/Functions/Engine_MaterialFunctions02/Math/AddComponents.uasset" 396
"../../../Engine/Content/Functions/Engine_MaterialFunctions02/Math/AddComponents.uexp" 397
"../../../Engine/Plugins/Interchange/Runtime/Content/gltf/MaterialFunctions/MF_PerceivedBrightness.uasset" 398
"../../../Engine/Plugins/Interchange/Runtime/Content/gltf/MaterialFunctions/MF_PerceivedBrightness.uexp" 399
"../../../Engine/Plugins/Interchange/Runtime/Content/gltf/MaterialFunctions/MF_SpecGlossToMetalRoughness.uasset" 400
"../../../Engine/Plugins/Interchange/Runtime/Content/gltf/MaterialFunctions/MF_SpecGlossToMetalRoughness.uexp" 401
"../../../Engine/Plugins/Interchange/Runtime/Content/gltf/M_Translucent.uasset" 402
"../../../Engine/Plugins/Interchange/Runtime/Content/gltf/M_Translucent.uexp" 403
"../../../Engine/Plugins/Interchange/Runtime/Content/gltf/MaterialInstances_MR/MI_Translucent_ClearCoat.uasset" 404
"../../../Engine/Plugins/Interchange/Runtime/Content/gltf/MaterialInstances_MR/MI_Translucent_ClearCoat.uexp" 405
"../../../Engine/Plugins/Runtime/MeshModelingToolset/Content/Materials/M_DynamicMeshComponentVtxColor.uasset" 406
"../../../Engine/Plugins/Runtime/MeshModelingToolset/Content/Materials/M_DynamicMeshComponentVtxColor.uexp" 407
"../../../Engine/Content/EngineMaterials/STBlueNoise_vec2_128x128x64.uasset" 408
"../../../Engine/Content/EngineMaterials/STBlueNoise_vec2_128x128x64.uexp" 409
"../../../Engine/Content/EngineMaterials/STBlueNoise_scalar_128x128x64.uasset" 410
"../../../Engine/Content/EngineMaterials/STBlueNoise_scalar_128x128x64.uexp" 411
"../../../Engine/Content/EngineMaterials/RemoveSurfaceMaterial.uasset" 412
"../../../Engine/Content/EngineMaterials/RemoveSurfaceMaterial.uexp" 413
"../../../Engine/Plugins/Interchange/Runtime/Content/gltf/M_Unlit.uasset" 414
"../../../Engine/Plugins/Interchange/Runtime/Content/gltf/M_Unlit.uexp" 415
"../../../Engine/Plugins/Interchange/Runtime/Content/gltf/MaterialInstances_MR/MI_Opaque_Unlit_TS.uasset" 416
"../../../Engine/Plugins/Interchange/Runtime/Content/gltf/MaterialInstances_MR/MI_Opaque_Unlit_TS.uexp" 417
"../../../Engine/Content/EngineMaterials/DefaultCalibrationGrayscale.uasset" 418
"../../../Engine/Content/EngineMaterials/DefaultCalibrationGrayscale.uexp" 419
"../../../Engine/Content/EngineMaterials/PPM_DefaultCalibrationGrayscale.uasset" 420
"../../../Engine/Content/EngineMaterials/PPM_DefaultCalibrationGrayscale.uexp" 421
"../../../Engine/Content/EngineMaterials/DefaultCalibrationColor.uasset" 422
"../../../Engine/Content/EngineMaterials/DefaultCalibrationColor.uexp" 423
"../../../Engine/Content/EngineMaterials/PPM_DefaultCalibrationColor.uasset" 424
"../../../Engine/Content/EngineMaterials/PPM_DefaultCalibrationColor.uexp" 425
"../../../Engine/Content/Functions/Engine_MaterialFunctions02/WorldPositionOffset/CameraOffset.uasset" 426
"../../../Engine/Content/Functions/Engine_MaterialFunctions02/WorldPositionOffset/CameraOffset.uexp" 427
"../../../Engine/Content/EngineMaterials/PhAT_JointLimitMaterial.uasset" 428
"../../../Engine/Content/EngineMaterials/PhAT_JointLimitMaterial.uexp" 429
"../../../Engine/Content/EngineMaterials/InvalidLightmapSettings.uasset" 430
"../../../Engine/Content/EngineMaterials/InvalidLightmapSettings.uexp" 431
"../../../Engine/Content/EngineMaterials/M_InvalidLightmapSettings.uasset" 432
"../../../Engine/Content/EngineMaterials/M_InvalidLightmapSettings.uexp" 433
"../../../Engine/Plugins/Interchange/Runtime/Content/gltf/MaterialInstances_MR/MI_Translucent.uasset" 434
"../../../Engine/Plugins/Interchange/Runtime/Content/gltf/MaterialInstances_MR/MI_Translucent.uexp" 435
"../../../Engine/Plugins/Interchange/Runtime/Content/gltf/MaterialFunctions/MF_Sheen.uasset" 436
"../../../Engine/Plugins/Interchange/Runtime/Content/gltf/MaterialFunctions/MF_Sheen.uexp" 437
"../../../Engine/Content/Functions/Engine_MaterialFunctions01/Shading/FuzzyShading.uasset" 438
"../../../Engine/Content/Functions/Engine_MaterialFunctions01/Shading/FuzzyShading.uexp" 439
"../../../Engine/Plugins/Interchange/Runtime/Content/gltf/M_Sheen.uasset" 440
"../../../Engine/Plugins/Interchange/Runtime/Content/gltf/M_Sheen.uexp" 441
"../../../Engine/Plugins/Interchange/Runtime/Content/gltf/MaterialInstances_SG/MI_Opaque_Sheen_TS.uasset" 442
"../../../Engine/Plugins/Interchange/Runtime/Content/gltf/MaterialInstances_SG/MI_Opaque_Sheen_TS.uexp" 443
"../../../Engine/Plugins/Interchange/Runtime/Content/gltf/M_Opaque.uasset" 444
"../../../Engine/Plugins/Interchange/Runtime/Content/gltf/M_Opaque.uexp" 445
"../../../Engine/Plugins/Interchange/Runtime/Content/gltf/MaterialInstances_MR/MI_Opaque_TS.uasset" 446
"../../../Engine/Plugins/Interchange/Runtime/Content/gltf/MaterialInstances_MR/MI_Opaque_TS.uexp" 447
"../../../Engine/Content/EngineMaterials/GizmoMaterial.uasset" 448
"../../../Engine/Content/EngineMaterials/GizmoMaterial.uexp" 449
"../../../Engine/Content/EngineMaterials/BaseFlattenEmissiveMap_VT.uasset" 450
"../../../Engine/Content/EngineMaterials/BaseFlattenEmissiveMap_VT.uexp" 451
"../../../Engine/Content/EngineMaterials/BaseFlattenGrayscaleMap_VT.uasset" 452
"../../../Engine/Content/EngineMaterials/BaseFlattenGrayscaleMap_VT.uexp" 453
"../../../Engine/Content/EngineMaterials/BaseFlattenLinearColor_VT.uasset" 454
"../../../Engine/Content/EngineMaterials/BaseFlattenLinearColor_VT.uexp" 455
"../../../Engine/Content/EngineMaterials/Black_1x1_EXR_Texture_VT.uasset" 456
"../../../Engine/Content/EngineMaterials/Black_1x1_EXR_Texture_VT.uexp" 457
"../../../Engine/Content/EngineMaterials/BaseFlattenDiffuseMap_VT.uasset" 458
"../../../Engine/Content/EngineMaterials/BaseFlattenDiffuseMap_VT.uexp" 459
"../../../Engine/Content/EngineMaterials/BaseFlattenNormalMap_VT.uasset" 460
"../../../Engine/Content/EngineMaterials/BaseFlattenNormalMap_VT.uexp" 461
"../../../Engine/Content/EngineMaterials/FlattenMaterial_WS_Normal_VT.uasset" 462
"../../../Engine/Content/EngineMaterials/FlattenMaterial_WS_Normal_VT.uexp" 463
"../../../Engine/Content/EngineMaterials/FlattenMaterial_VT.uasset" 464
"../../../Engine/Content/EngineMaterials/FlattenMaterial_VT.uexp" 465
"../../../Engine/Content/EngineMaterials/BaseFlattenNormalMap.uasset" 466
"../../../Engine/Content/EngineMaterials/BaseFlattenNormalMap.uexp" 467
"../../../Engine/Content/EngineMaterials/BaseFlattenGrayscaleMap.uasset" 468
"../../../Engine/Content/EngineMaterials/BaseFlattenGrayscaleMap.uexp" 469
"../../../Engine/Content/EngineMaterials/BaseFlattenDiffuseMap.uasset" 470
"../../../Engine/Content/EngineMaterials/BaseFlattenDiffuseMap.uexp" 471
"../../../Engine/Content/Functions/Engine_MaterialFunctions02/PivotPainter2/Black_1x1_EXR_Texture.uasset" 472
"../../../Engine/Content/Functions/Engine_MaterialFunctions02/PivotPainter2/Black_1x1_EXR_Texture.uexp" 473
"../../../Engine/Content/EngineMaterials/BaseFlattenEmissiveMap.uasset" 474
"../../../Engine/Content/EngineMaterials/BaseFlattenEmissiveMap.uexp" 475
"../../../Engine/Content/EngineMaterials/FlattenMaterial.uasset" 476
"../../../Engine/Content/EngineMaterials/FlattenMaterial.uexp" 477
"../../../Engine/Content/EngineMaterials/DefaultWhiteGrid_Low.uasset" 478
"../../../Engine/Content/EngineMaterials/DefaultWhiteGrid_Low.uexp" 479
"../../../Engine/Content/EngineMaterials/EmissiveMeshMaterial.uasset" 480
"../../../Engine/Content/EngineMaterials/EmissiveMeshMaterial.uexp" 481
"../../../Engine/Plugins/Interchange/Runtime/Content/gltf/MaterialInstances_SG/MI_Opaque_Sheen.uasset" 482
"../../../Engine/Plugins/Interchange/Runtime/Content/gltf/MaterialInstances_SG/MI_Opaque_Sheen.uexp" 483
"../../../Engine/Plugins/Interchange/Runtime/Content/gltf/MaterialInstances_MR/MI_Translucent_ClearCoat_TS.uasset" 484
"../../../Engine/Plugins/Interchange/Runtime/Content/gltf/MaterialInstances_MR/MI_Translucent_ClearCoat_TS.uexp" 485
"../../../Engine/Content/EngineMaterials/DefaultTextMaterialOpaque.uasset" 486
"../../../Engine/Content/EngineMaterials/DefaultTextMaterialOpaque.uexp" 487
"../../../Engine/Content/EngineMaterials/DefaultDiffuse.uasset" 488
"../../../Engine/Content/EngineMaterials/DefaultDiffuse.uexp" 489
"../../../Engine/Content/EngineMaterials/DefaultPostProcessMaterial.uasset" 490
"../../../Engine/Content/EngineMaterials/DefaultPostProcessMaterial.uexp" 491
"../../../Engine/Content/EngineMaterials/DefaultPhysicalMaterial.uasset" 492
"../../../Engine/Content/EngineMaterials/DefaultPhysicalMaterial.uexp" 493
"../../../Engine/Content/EngineMaterials/DefaultLightFunctionMaterial.uasset" 494
"../../../Engine/Content/EngineMaterials/DefaultLightFunctionMaterial.uexp" 495
"../../../Engine/Content/EngineMaterials/DefaultDestructiblePhysicalMaterial.uasset" 496
"../../../Engine/Content/EngineMaterials/DefaultDestructiblePhysicalMaterial.uexp" 497
"../../../Engine/Content/EngineMaterials/DefaultDeferredDecalMaterial.uasset" 498
"../../../Engine/Content/EngineMaterials/DefaultDeferredDecalMaterial.uexp" 499
"../../../Engine/Plugins/Interchange/Runtime/Content/gltf/MaterialInstances_MR/MI_Opaque_Unlit.uasset" 500
"../../../Engine/Plugins/Interchange/Runtime/Content/gltf/MaterialInstances_MR/MI_Opaque_Unlit.uexp" 501
"../../../Engine/Content/EngineMaterials/DefaultBloomKernel.uasset" 502
"../../../Engine/Content/EngineMaterials/DefaultBloomKernel.uexp" 503
"../../../Engine/Plugins/Interchange/Runtime/Content/gltf/MaterialInstances_MR/MI_Opaque_Sheen_TS.uasset" 504
"../../../Engine/Plugins/Interchange/Runtime/Content/gltf/MaterialInstances_MR/MI_Opaque_Sheen_TS.uexp" 505
"../../../Engine/Plugins/Interchange/Runtime/Content/gltf/MaterialInstances_MR/MI_Opaque_Sheen.uasset" 506
"../../../Engine/Plugins/Interchange/Runtime/Content/gltf/MaterialInstances_MR/MI_Opaque_Sheen.uexp" 507
"../../../Engine/Plugins/Interchange/Runtime/Content/gltf/MaterialInstances_SG/MI_Translucent_TS.uasset" 508
"../../../Engine/Plugins/Interchange/Runtime/Content/gltf/MaterialInstances_SG/MI_Translucent_TS.uexp" 509
"../../../Engine/Plugins/Interchange/Runtime/Content/gltf/MaterialInstances_MR/MI_Opaque_ClearCoat_TS.uasset" 510
"../../../Engine/Plugins/Interchange/Runtime/Content/gltf/MaterialInstances_MR/MI_Opaque_ClearCoat_TS.uexp" 511
"../../../Engine/Plugins/Interchange/Runtime/Content/gltf/MaterialInstances_SG/MI_Translucent_ClearCoat_TS.uasset" 512
"../../../Engine/Plugins/Interchange/Runtime/Content/gltf/MaterialInstances_SG/MI_Translucent_ClearCoat_TS.uexp" 513
"../../../Engine/Plugins/Interchange/Runtime/Content/gltf/MaterialInstances_MR/MI_Opaque_ClearCoat.uasset" 514
"../../../Engine/Plugins/Interchange/Runtime/Content/gltf/MaterialInstances_MR/MI_Opaque_ClearCoat.uexp" 515
"../../../Engine/Plugins/Interchange/Runtime/Content/gltf/MaterialInstances_SG/MI_Translucent_ClearCoat.uasset" 516
"../../../Engine/Plugins/Interchange/Runtime/Content/gltf/MaterialInstances_SG/MI_Translucent_ClearCoat.uexp" 517
"../../../Engine/Plugins/Interchange/Runtime/Content/gltf/MaterialInstances_MR/MI_Opaque.uasset" 518
"../../../Engine/Plugins/Interchange/Runtime/Content/gltf/MaterialInstances_MR/MI_Opaque.uexp" 519
"../../../Engine/Plugins/Interchange/Runtime/Content/gltf/MaterialInstances_SG/MI_Translucent.uasset" 520
"../../../Engine/Plugins/Interchange/Runtime/Content/gltf/MaterialInstances_SG/MI_Translucent.uexp" 521
"../../../Engine/Plugins/Interchange/Runtime/Content/gltf/MaterialFunctions/MF_Transmission.uasset" 522
"../../../Engine/Plugins/Interchange/Runtime/Content/gltf/MaterialFunctions/MF_Transmission.uexp" 523
"../../../Engine/Content/Functions/Engine_MaterialFunctions02/Texturing/CustomRotator.uasset" 524
"../../../Engine/Content/Functions/Engine_MaterialFunctions02/Texturing/CustomRotator.uexp" 525
"../../../Engine/Content/Functions/Engine_MaterialFunctions02/Texturing/ScreenAlignedPixelToPixelUVs.uasset" 526
"../../../Engine/Content/Functions/Engine_MaterialFunctions02/Texturing/ScreenAlignedPixelToPixelUVs.uexp" 527
"../../../Engine/Plugins/Interchange/Runtime/Content/Utilities/T_Bayer64_Grayscale_64px.uasset" 528
"../../../Engine/Plugins/Interchange/Runtime/Content/Utilities/T_Bayer64_Grayscale_64px.uexp" 529
"../../../Engine/Plugins/Interchange/Runtime/Content/gltf/MaterialFunctions/MF_Temporal_Blur.uasset" 530
"../../../Engine/Plugins/Interchange/Runtime/Content/gltf/MaterialFunctions/MF_Temporal_Blur.uexp" 531
"../../../Engine/Plugins/Interchange/Runtime/Content/gltf/MaterialFunctions/MF_Fresnel_DS.uasset" 532
"../../../Engine/Plugins/Interchange/Runtime/Content/gltf/MaterialFunctions/MF_Fresnel_DS.uexp" 533
"../../../Engine/Plugins/Interchange/Runtime/Content/gltf/M_Transmission.uasset" 534
"../../../Engine/Plugins/Interchange/Runtime/Content/gltf/M_Transmission.uexp" 535
"../../../Engine/Plugins/Interchange/Runtime/Content/gltf/MaterialInstances_SG/MI_Transmission_TS.uasset" 536
"../../../Engine/Plugins/Interchange/Runtime/Content/gltf/MaterialInstances_SG/MI_Transmission_TS.uexp" 537
"../../../Engine/Plugins/Interchange/Runtime/Content/gltf/MaterialInstances_SG/MI_Opaque_TS.uasset" 538
"../../../Engine/Plugins/Interchange/Runtime/Content/gltf/MaterialInstances_SG/MI_Opaque_TS.uexp" 539
"../../../Engine/Content/EngineResources/FilmGrains/Marcie_Grain_v3_128_M2_000.uasset" 540
"../../../Engine/Content/EngineResources/FilmGrains/Marcie_Grain_v3_128_M2_000.uexp" 541
"../../../Engine/Content/EngineSky/VolumetricClouds/CloudWeatherTexture.uasset" 542
"../../../Engine/Content/EngineSky/VolumetricClouds/CloudWeatherTexture.uexp" 543
"../../../Engine/Content/Functions/Engine_MaterialFunctions02/Utility/MakeFloat2.uasset" 544
"../../../Engine/Content/Functions/Engine_MaterialFunctions02/Utility/MakeFloat2.uexp" 545
"../../../Engine/Content/EngineSky/VolumetricClouds/CloudGradientTexture.uasset" 546
"../../../Engine/Content/EngineSky/VolumetricClouds/CloudGradientTexture.uexp" 547
"../../../Engine/Content/EngineSky/VolumetricClouds/T_NoiseShape64.uasset" 548
"../../../Engine/Content/EngineSky/VolumetricClouds/T_NoiseShape64.uexp" 549
"../../../Engine/Content/EngineSky/VolumetricClouds/T_VolumeNoiseShape64.uasset" 550
"../../../Engine/Content/EngineSky/VolumetricClouds/T_VolumeNoiseShape64.uexp" 551
"../../../Engine/Content/EngineSky/VolumetricClouds/T_NoiseErosion.uasset" 552
"../../../Engine/Content/EngineSky/VolumetricClouds/T_NoiseErosion.uexp" 553
"../../../Engine/Content/EngineSky/VolumetricClouds/T_VolumeNoiseErosion32.uasset" 554
"../../../Engine/Content/EngineSky/VolumetricClouds/T_VolumeNoiseErosion32.uexp" 555
"../../../Engine/Content/EngineSky/VolumetricClouds/m_SimpleVolumetricCloud.uasset" 556
"../../../Engine/Content/EngineSky/VolumetricClouds/m_SimpleVolumetricCloud.uexp" 557
"../../../Engine/Content/EngineSky/VolumetricClouds/m_SimpleVolumetricCloud_Inst.uasset" 558
"../../../Engine/Content/EngineSky/VolumetricClouds/m_SimpleVolumetricCloud_Inst.uexp" 559
"../../../Engine/Content/EngineSounds/Master.uasset" 560
"../../../Engine/Content/EngineSounds/Master.uexp" 561
"../../../Engine/Content/Functions/Engine_MaterialFunctions01/Shading/PowerToRoughness.uasset" 562
"../../../Engine/Content/Functions/Engine_MaterialFunctions01/Shading/PowerToRoughness.uexp" 563
"../../../Engine/Plugins/Interchange/Runtime/Content/gltf/MaterialInstances_SG/MI_Transmission.uasset" 564
"../../../Engine/Plugins/Interchange/Runtime/Content/gltf/MaterialInstances_SG/MI_Transmission.uexp" 565
"../../../Engine/Content/MobileResources/HUD/VirtualJoystick_Background.uasset" 566
"../../../Engine/Content/MobileResources/HUD/VirtualJoystick_Background.uexp" 567
"../../../Engine/Content/MobileResources/HUD/VirtualJoystick_Thumb.uasset" 568
"../../../Engine/Content/MobileResources/HUD/VirtualJoystick_Thumb.uexp" 569
"../../../Engine/Content/MobileResources/HUD/DefaultVirtualJoysticks.uasset" 570
"../../../Engine/Content/MobileResources/HUD/DefaultVirtualJoysticks.uexp" 571
"../../../Engine/Plugins/2D/Paper2D/Content/PlaceholderTextures/DummySpriteTexture.uasset" 572
"../../../Engine/Plugins/2D/Paper2D/Content/PlaceholderTextures/DummySpriteTexture.uexp" 573
"../../../Engine/Plugins/2D/Paper2D/Content/DefaultSpriteMaterial.uasset" 574
"../../../Engine/Plugins/2D/Paper2D/Content/DefaultSpriteMaterial.uexp" 575
"../../../Engine/Plugins/2D/Paper2D/Content/OpaqueUnlitSpriteMaterial.uasset" 576
"../../../Engine/Plugins/2D/Paper2D/Content/OpaqueUnlitSpriteMaterial.uexp" 577
"../../../Engine/Plugins/2D/Paper2D/Content/MaskedUnlitSpriteMaterial.uasset" 578
"../../../Engine/Plugins/2D/Paper2D/Content/MaskedUnlitSpriteMaterial.uexp" 579
"../../../Engine/Plugins/2D/Paper2D/Content/DummySprite.uasset" 580
"../../../Engine/Plugins/2D/Paper2D/Content/DummySprite.uexp" 581
"../../../Engine/Plugins/2D/Paper2D/Content/DefaultPaperTerrainMaterial.uasset" 582
"../../../Engine/Plugins/2D/Paper2D/Content/DefaultPaperTerrainMaterial.uexp" 583
"../../../Engine/Plugins/Interchange/Runtime/Content/Pipelines/DefaultAssetsPipeline.uasset" 584
"../../../Engine/Plugins/Interchange/Runtime/Content/Pipelines/DefaultAssetsPipeline.uexp" 585
"../../../Engine/Plugins/Animation/ControlRig/Content/M_Manip.uasset" 586
"../../../Engine/Plugins/Animation/ControlRig/Content/M_Manip.uexp" 587
"../../../Engine/Plugins/Animation/ControlRig/Content/Controls/DefaultGizmoLibraryNormalized.uasset" 588
"../../../Engine/Plugins/Animation/ControlRig/Content/Controls/DefaultGizmoLibraryNormalized.uexp" 589
"../../../Engine/Plugins/Animation/ControlRig/Content/Controls/ControlRig_Wedge_solid.uasset" 590
"../../../Engine/Plugins/Animation/ControlRig/Content/Controls/ControlRig_Wedge_solid.uexp" 591
"../../../Engine/Plugins/Animation/ControlRig/Content/Controls/ControlRig_Wedge_3mm.uasset" 592
"../../../Engine/Plugins/Animation/ControlRig/Content/Controls/ControlRig_Wedge_3mm.uexp" 593
"../../../Engine/Plugins/Animation/ControlRig/Content/Controls/ControlRig_Wedge_1mm.uasset" 594
"../../../Engine/Plugins/Animation/ControlRig/Content/Controls/ControlRig_Wedge_1mm.uexp" 595
"../../../Engine/Plugins/Animation/ControlRig/Content/Controls/ControlRig_Triangle_solid.uasset" 596
"../../../Engine/Plugins/Animation/ControlRig/Content/Controls/ControlRig_Triangle_solid.uexp" 597
"../../../Engine/Plugins/Animation/ControlRig/Content/Controls/ControlRig_Triangle_3mm.uasset" 598
"../../../Engine/Plugins/Animation/ControlRig/Content/Controls/ControlRig_Triangle_3mm.uexp" 599
"../../../Engine/Plugins/Animation/ControlRig/Content/Controls/ControlRig_Triangle_1mm.uasset" 600
"../../../Engine/Plugins/Animation/ControlRig/Content/Controls/ControlRig_Triangle_1mm.uexp" 601
"../../../Engine/Plugins/Animation/ControlRig/Content/Controls/ControlRig_Star4_solid.uasset" 602
"../../../Engine/Plugins/Animation/ControlRig/Content/Controls/ControlRig_Star4_solid.uexp" 603
"../../../Engine/Plugins/Animation/ControlRig/Content/Controls/ControlRig_Star4_3mm.uasset" 604
"../../../Engine/Plugins/Animation/ControlRig/Content/Controls/ControlRig_Star4_3mm.uexp" 605
"../../../Engine/Plugins/Animation/ControlRig/Content/Controls/ControlRig_Star4_1mm.uasset" 606
"../../../Engine/Plugins/Animation/ControlRig/Content/Controls/ControlRig_Star4_1mm.uexp" 607
"../../../Engine/Plugins/Animation/ControlRig/Content/Controls/ControlRig_Square_solid.uasset" 608
"../../../Engine/Plugins/Animation/ControlRig/Content/Controls/ControlRig_Square_solid.uexp" 609
"../../../Engine/Plugins/Animation/ControlRig/Content/Controls/ControlRig_Square_3mm.uasset" 610
"../../../Engine/Plugins/Animation/ControlRig/Content/Controls/ControlRig_Square_3mm.uexp" 611
"../../../Engine/Plugins/Animation/ControlRig/Content/Controls/ControlRig_Square_1mm.uasset" 612
"../../../Engine/Plugins/Animation/ControlRig/Content/Controls/ControlRig_Square_1mm.uexp" 613
"../../../Engine/Plugins/Animation/ControlRig/Content/Controls/ControlRig_Sphere_solid.uasset" 614
"../../../Engine/Plugins/Animation/ControlRig/Content/Controls/ControlRig_Sphere_solid.uexp" 615
"../../../Engine/Plugins/Animation/ControlRig/Content/Controls/ControlRig_Sphere_3mm.uasset" 616
"../../../Engine/Plugins/Animation/ControlRig/Content/Controls/ControlRig_Sphere_3mm.uexp" 617
"../../../Engine/Plugins/Animation/ControlRig/Content/Controls/ControlRig_Sphere_1mm.uasset" 618
"../../../Engine/Plugins/Animation/ControlRig/Content/Controls/ControlRig_Sphere_1mm.uexp" 619
"../../../Engine/Plugins/Animation/ControlRig/Content/Controls/ControlRig_RoundedTriangle_solid.uasset" 620
"../../../Engine/Plugins/Animation/ControlRig/Content/Controls/ControlRig_RoundedTriangle_solid.uexp" 621
"../../../Engine/Plugins/Animation/ControlRig/Content/Controls/ControlRig_RoundedTriangle_3mm.uasset" 622
"../../../Engine/Plugins/Animation/ControlRig/Content/Controls/ControlRig_RoundedTriangle_3mm.uexp" 623
"../../../Engine/Plugins/Animation/ControlRig/Content/Controls/ControlRig_RoundedTriangle_1mm.uasset" 624
"../../../Engine/Plugins/Animation/ControlRig/Content/Controls/ControlRig_RoundedTriangle_1mm.uexp" 625
"../../../Engine/Plugins/Animation/ControlRig/Content/Controls/ControlRig_RoundedSquare_solid.uasset" 626
"../../../Engine/Plugins/Animation/ControlRig/Content/Controls/ControlRig_RoundedSquare_solid.uexp" 627
"../../../Engine/Plugins/Animation/ControlRig/Content/Controls/ControlRig_RoundedSquare_3mm.uasset" 628
"../../../Engine/Plugins/Animation/ControlRig/Content/Controls/ControlRig_RoundedSquare_3mm.uexp" 629
"../../../Engine/Plugins/Animation/ControlRig/Content/Controls/ControlRig_RoundedSquare_1mm.uasset" 630
"../../../Engine/Plugins/Animation/ControlRig/Content/Controls/ControlRig_RoundedSquare_1mm.uexp" 631
"../../../Engine/Plugins/Animation/ControlRig/Content/Controls/ControlRig_QuarterCircle_solid.uasset" 632
"../../../Engine/Plugins/Animation/ControlRig/Content/Controls/ControlRig_QuarterCircle_solid.uexp" 633
"../../../Engine/Plugins/Animation/ControlRig/Content/Controls/ControlRig_QuarterCircle_3mm.uasset" 634
"../../../Engine/Plugins/Animation/ControlRig/Content/Controls/ControlRig_QuarterCircle_3mm.uexp" 635
"../../../Engine/Plugins/Animation/ControlRig/Content/Controls/ControlRig_QuarterCircle_1mm.uasset" 636
"../../../Engine/Plugins/Animation/ControlRig/Content/Controls/ControlRig_QuarterCircle_1mm.uexp" 637
"../../../Engine/Plugins/Animation/ControlRig/Content/Controls/ControlRig_Pyramid_solid.uasset" 638
"../../../Engine/Plugins/Animation/ControlRig/Content/Controls/ControlRig_Pyramid_solid.uexp" 639
"../../../Engine/Plugins/Animation/ControlRig/Content/Controls/ControlRig_Pyramid_3mm.uasset" 640
"../../../Engine/Plugins/Animation/ControlRig/Content/Controls/ControlRig_Pyramid_3mm.uexp" 641
"../../../Engine/Plugins/Animation/ControlRig/Content/Controls/ControlRig_Pyramid_1mm.uasset" 642
"../../../Engine/Plugins/Animation/ControlRig/Content/Controls/ControlRig_Pyramid_1mm.uexp" 643
"../../../Engine/Plugins/Animation/ControlRig/Content/Controls/ControlRig_Octagon_solid.uasset" 644
"../../../Engine/Plugins/Animation/ControlRig/Content/Controls/ControlRig_Octagon_solid.uexp" 645
"../../../Engine/Plugins/Animation/ControlRig/Content/Controls/ControlRig_Octagon_3mm.uasset" 646
"../../../Engine/Plugins/Animation/ControlRig/Content/Controls/ControlRig_Octagon_3mm.uexp" 647
"../../../Engine/Plugins/Animation/ControlRig/Content/Controls/ControlRig_Octagon_1mm.uasset" 648
"../../../Engine/Plugins/Animation/ControlRig/Content/Controls/ControlRig_Octagon_1mm.uexp" 649
"../../../Engine/Plugins/Animation/ControlRig/Content/Controls/ControlRig_Hexagon_solid.uasset" 650
"../../../Engine/Plugins/Animation/ControlRig/Content/Controls/ControlRig_Hexagon_solid.uexp" 651
"../../../Engine/Plugins/Animation/ControlRig/Content/Controls/ControlRig_Hexagon_3mm.uasset" 652
"../../../Engine/Plugins/Animation/ControlRig/Content/Controls/ControlRig_Hexagon_3mm.uexp" 653
"../../../Engine/Plugins/Animation/ControlRig/Content/Controls/ControlRig_Hexagon_1mm.uasset" 654
"../../../Engine/Plugins/Animation/ControlRig/Content/Controls/ControlRig_Hexagon_1mm.uexp" 655
"../../../Engine/Plugins/Animation/ControlRig/Content/Controls/ControlRig_HalfCircle_solid.uasset" 656
"../../../Engine/Plugins/Animation/ControlRig/Content/Controls/ControlRig_HalfCircle_solid.uexp" 657
"../../../Engine/Plugins/Animation/ControlRig/Content/Controls/ControlRig_HalfCircle_3mm.uasset" 658
"../../../Engine/Plugins/Animation/ControlRig/Content/Controls/ControlRig_HalfCircle_3mm.uexp" 659
"../../../Engine/Plugins/Animation/ControlRig/Content/Controls/ControlRig_HalfCircle_1mm.uasset" 660
"../../../Engine/Plugins/Animation/ControlRig/Content/Controls/ControlRig_HalfCircle_1mm.uexp" 661
"../../../Engine/Plugins/Animation/ControlRig/Content/Controls/ControlRig_Diamond_solid.uasset" 662
"../../../Engine/Plugins/Animation/ControlRig/Content/Controls/ControlRig_Diamond_solid.uexp" 663
"../../../Engine/Plugins/Animation/ControlRig/Content/Controls/ControlRig_Diamond_3mm.uasset" 664
"../../../Engine/Plugins/Animation/ControlRig/Content/Controls/ControlRig_Diamond_3mm.uexp" 665
"../../../Engine/Plugins/Animation/ControlRig/Content/Controls/ControlRig_Diamond_1mm.uasset" 666
"../../../Engine/Plugins/Animation/ControlRig/Content/Controls/ControlRig_Diamond_1mm.uexp" 667
"../../../Engine/Plugins/Animation/ControlRig/Content/Controls/ControlRig_Circle_solid.uasset" 668
"../../../Engine/Plugins/Animation/ControlRig/Content/Controls/ControlRig_Circle_solid.uexp" 669
"../../../Engine/Plugins/Animation/ControlRig/Content/Controls/ControlRig_Circle_3mm.uasset" 670
"../../../Engine/Plugins/Animation/ControlRig/Content/Controls/ControlRig_Circle_3mm.uexp" 671
"../../../Engine/Plugins/Animation/ControlRig/Content/Controls/ControlRig_Circle_1mm.uasset" 672
"../../../Engine/Plugins/Animation/ControlRig/Content/Controls/ControlRig_Circle_1mm.uexp" 673
"../../../Engine/Plugins/Animation/ControlRig/Content/Controls/ControlRig_Box_solid.uasset" 674
"../../../Engine/Plugins/Animation/ControlRig/Content/Controls/ControlRig_Box_solid.uexp" 675
"../../../Engine/Plugins/Animation/ControlRig/Content/Controls/ControlRig_Box_3mm.uasset" 676
"../../../Engine/Plugins/Animation/ControlRig/Content/Controls/ControlRig_Box_3mm.uexp" 677
"../../../Engine/Plugins/Animation/ControlRig/Content/Controls/ControlRig_Box_1mm.uasset" 678
"../../../Engine/Plugins/Animation/ControlRig/Content/Controls/ControlRig_Box_1mm.uexp" 679
"../../../Engine/Plugins/Animation/ControlRig/Content/Controls/ControlRig_Arrow_solid.uasset" 680
"../../../Engine/Plugins/Animation/ControlRig/Content/Controls/ControlRig_Arrow_solid.uexp" 681
"../../../Engine/Plugins/Animation/ControlRig/Content/Controls/ControlRig_Arrow_3mm.uasset" 682
"../../../Engine/Plugins/Animation/ControlRig/Content/Controls/ControlRig_Arrow_3mm.uexp" 683
"../../../Engine/Plugins/Animation/ControlRig/Content/Controls/ControlRig_Arrow_1mm.uasset" 684
"../../../Engine/Plugins/Animation/ControlRig/Content/Controls/ControlRig_Arrow_1mm.uexp" 685
"../../../Engine/Plugins/Animation/ControlRig/Content/Controls/ControlRig_Arrow4_solid.uasset" 686
"../../../Engine/Plugins/Animation/ControlRig/Content/Controls/ControlRig_Arrow4_solid.uexp" 687
"../../../Engine/Plugins/Animation/ControlRig/Content/Controls/ControlRig_Arrow4_3mm.uasset" 688
"../../../Engine/Plugins/Animation/ControlRig/Content/Controls/ControlRig_Arrow4_3mm.uexp" 689
"../../../Engine/Plugins/Animation/ControlRig/Content/Controls/ControlRig_Arrow4_1mm.uasset" 690
"../../../Engine/Plugins/Animation/ControlRig/Content/Controls/ControlRig_Arrow4_1mm.uexp" 691
"../../../Engine/Plugins/Animation/ControlRig/Content/Controls/ControlRig_Arrow2_solid.uasset" 692
"../../../Engine/Plugins/Animation/ControlRig/Content/Controls/ControlRig_Arrow2_solid.uexp" 693
"../../../Engine/Plugins/Animation/ControlRig/Content/Controls/ControlRig_Arrow2_3mm.uasset" 694
"../../../Engine/Plugins/Animation/ControlRig/Content/Controls/ControlRig_Arrow2_3mm.uexp" 695
"../../../Engine/Plugins/Animation/ControlRig/Content/Controls/ControlRig_Arrow2_1mm.uasset" 696
"../../../Engine/Plugins/Animation/ControlRig/Content/Controls/ControlRig_Arrow2_1mm.uexp" 697
"../../../Engine/Plugins/Animation/ControlRig/Content/Controls/ControlRigXRayMaterial.uasset" 698
"../../../Engine/Plugins/Animation/ControlRig/Content/Controls/ControlRigXRayMaterial.uexp" 699
"../../../Engine/Plugins/Animation/ControlRig/Content/Controls/ControlRigGizmoMaterial.uasset" 700
"../../../Engine/Plugins/Animation/ControlRig/Content/Controls/ControlRigGizmoMaterial.uexp" 701
"../../../Engine/Plugins/Editor/SpeedTreeImporter/Content/SpeedTree9/game_wind_noise.uasset" 702
"../../../Engine/Plugins/Editor/SpeedTreeImporter/Content/SpeedTree9/game_wind_noise.uexp" 703
"../../../Engine/Plugins/Editor/SpeedTreeImporter/Content/SpeedTree9/UnpackDirection.uasset" 704
"../../../Engine/Plugins/Editor/SpeedTreeImporter/Content/SpeedTree9/UnpackDirection.uexp" 705
"../../../Engine/Content/Functions/Engine_MaterialFunctions02/ObjectLocalBounds.uasset" 706
"../../../Engine/Content/Functions/Engine_MaterialFunctions02/ObjectLocalBounds.uexp" 707
"../../../Engine/Content/Functions/Engine_MaterialFunctions02/UVs/BoundingBoxBased_0-1_UVW.uasset" 708
"../../../Engine/Content/Functions/Engine_MaterialFunctions02/UVs/BoundingBoxBased_0-1_UVW.uexp" 709
"../../../Engine/Content/Functions/Engine_MaterialFunctions02/Utility/VectorLength.uasset" 710
"../../../Engine/Content/Functions/Engine_MaterialFunctions02/Utility/VectorLength.uexp" 711
"../../../Engine/Plugins/Editor/SpeedTreeImporter/Content/SpeedTree9/UnpackInteger3.uasset" 712
"../../../Engine/Plugins/Editor/SpeedTreeImporter/Content/SpeedTree9/UnpackInteger3.uexp" 713
"../../../Engine/Plugins/Editor/SpeedTreeImporter/Content/SpeedTree9/SpeedTreeCameraFacing.uasset" 714
"../../../Engine/Plugins/Editor/SpeedTreeImporter/Content/SpeedTree9/SpeedTreeCameraFacing.uexp" 715
"../../../Engine/Content/Functions/Engine_MaterialFunctions02/WorldPositionOffset/ObjectScale.uasset" 716
"../../../Engine/Content/Functions/Engine_MaterialFunctions02/WorldPositionOffset/ObjectScale.uexp" 717
"../../../Engine/Content/Functions/Engine_MaterialFunctions02/SafeNormalize.uasset" 718
"../../../Engine/Content/Functions/Engine_MaterialFunctions02/SafeNormalize.uexp" 719
"../../../Engine/Plugins/Editor/SpeedTreeImporter/Content/SpeedTree9/SpeedTreeWindMotion.uasset" 720
"../../../Engine/Plugins/Editor/SpeedTreeImporter/Content/SpeedTree9/SpeedTreeWindMotion.uexp" 721
"../../../Engine/Plugins/Editor/SpeedTreeImporter/Content/SpeedTree9/SpeedTreeBranchMotion.uasset" 722
"../../../Engine/Plugins/Editor/SpeedTreeImporter/Content/SpeedTree9/SpeedTreeBranchMotion.uexp" 723
"../../../Engine/Plugins/Editor/SpeedTreeImporter/Content/SpeedTree9/SpeedTreeWind.uasset" 724
"../../../Engine/Plugins/Editor/SpeedTreeImporter/Content/SpeedTree9/SpeedTreeWind.uexp" 725
"../../../Engine/Plugins/Editor/SpeedTreeImporter/Content/SpeedTree9/EmptyNormal.uasset" 726
"../../../Engine/Plugins/Editor/SpeedTreeImporter/Content/SpeedTree9/EmptyNormal.uexp" 727
"../../../Engine/Plugins/Editor/SpeedTreeImporter/Content/SpeedTree9/Empty.uasset" 728
"../../../Engine/Plugins/Editor/SpeedTreeImporter/Content/SpeedTree9/Empty.uexp" 729
"../../../Engine/Plugins/Editor/SpeedTreeImporter/Content/SpeedTree9/SpeedTreeMaster.uasset" 730
"../../../Engine/Plugins/Editor/SpeedTreeImporter/Content/SpeedTree9/SpeedTreeMaster.uexp" 731
"../../../Engine/Plugins/Editor/SpeedTreeImporter/Content/SpeedTree9/SpeedTreeBillboard.uasset" 732
"../../../Engine/Plugins/Editor/SpeedTreeImporter/Content/SpeedTree9/SpeedTreeBillboard.uexp" 733
"../../../Engine/Plugins/Editor/SpeedTreeImporter/Content/SpeedTree9/SpeedTreeBillboardMaster.uasset" 734
"../../../Engine/Plugins/Editor/SpeedTreeImporter/Content/SpeedTree9/SpeedTreeBillboardMaster.uexp" 735
"../../../Engine/Plugins/Interchange/Runtime/Content/gltf/MaterialInstances_SG/MI_Opaque.uasset" 736
"../../../Engine/Plugins/Interchange/Runtime/Content/gltf/MaterialInstances_SG/MI_Opaque.uexp" 737
"../../../Engine/Plugins/Interchange/Runtime/Content/gltf/MaterialInstances_SG/MI_Opaque_ClearCoat_TS.uasset" 738
"../../../Engine/Plugins/Interchange/Runtime/Content/gltf/MaterialInstances_SG/MI_Opaque_ClearCoat_TS.uexp" 739
"../../../Engine/Plugins/Interchange/Runtime/Content/gltf/MaterialInstances_SG/MI_Opaque_ClearCoat.uasset" 740
"../../../Engine/Plugins/Interchange/Runtime/Content/gltf/MaterialInstances_SG/MI_Opaque_ClearCoat.uexp" 741
"../../../Engine/Plugins/Interchange/Runtime/Content/Functions/MX_Transmission.uasset" 742
"../../../Engine/Plugins/Interchange/Runtime/Content/Functions/MX_Transmission.uexp" 743
"../../../Engine/Plugins/Interchange/Runtime/Content/Functions/MX_StandardSurface.uasset" 744
"../../../Engine/Plugins/Interchange/Runtime/Content/Functions/MX_StandardSurface.uexp" 745
"../../../Engine/Plugins/Interchange/Runtime/Content/Functions/MX_TransmissionSurface.uasset" 746
"../../../Engine/Plugins/Interchange/Runtime/Content/Functions/MX_TransmissionSurface.uexp" 747
"../../../Engine/Content/Functions/Engine_MaterialFunctions02/WorldPositionOffset/V2/ObjectScale.uasset" 748
"../../../Engine/Content/Functions/Engine_MaterialFunctions02/WorldPositionOffset/V2/ObjectScale.uexp" 749
"../../../Engine/Plugins/Interchange/Runtime/Content/gltf/MaterialFunctions/MF_TransmissionOpacity.uasset" 750
"../../../Engine/Plugins/Interchange/Runtime/Content/gltf/MaterialFunctions/MF_TransmissionOpacity.uexp" 751
"../../../Engine/Plugins/Interchange/Runtime/Content/gltf/MaterialInstances_MR/MI_Transmission_TS.uasset" 752
"../../../Engine/Plugins/Interchange/Runtime/Content/gltf/MaterialInstances_MR/MI_Transmission_TS.uexp" 753
"../../../Engine/Plugins/Interchange/Runtime/Content/gltf/MaterialInstances_MR/MI_Transmission.uasset" 754
"../../../Engine/Plugins/Interchange/Runtime/Content/gltf/MaterialInstances_MR/MI_Transmission.uexp" 755
"../../../Engine/Plugins/Interchange/Runtime/Content/gltf/MaterialInstances_MR/MI_Translucent_TS.uasset" 756
"../../../Engine/Plugins/Interchange/Runtime/Content/gltf/MaterialInstances_MR/MI_Translucent_TS.uexp" 757
"C:/Users/Public/Unreal Projects/MobileRPG/Content/MainMenu/MainMenuWB.uasset" 758
"C:/Users/Public/Unreal Projects/MobileRPG/Content/MainMenu/MainMenuWB.uexp" 759
"C:/Users/Public/Unreal Projects/MobileRPG/Content/MainMenu/MainMenuLevel.uexp" 760
"C:/Users/Public/Unreal Projects/MobileRPG/Content/MainMenu/MainMenuLevel.umap" 761
"../../../Engine/Content/EngineMaterials/BlendFunc_DefBlend.uasset" 762
"../../../Engine/Content/EngineMaterials/BlendFunc_DefBlend.uexp" 763
"../../../Engine/Content/EngineMaterials/BlendFunc_DefBase.uasset" 764
"../../../Engine/Content/EngineMaterials/BlendFunc_DefBase.uexp" 765
"../../../Engine/Content/Functions/Engine_MaterialFunctions03/Blends/Blend_Overlay.uasset" 766
"../../../Engine/Content/Functions/Engine_MaterialFunctions03/Blends/Blend_Overlay.uexp" 767
"../../../Engine/Content/OpenWorldTemplate/LandscapeMaterial/T_GridChecker_A.uasset" 768
"../../../Engine/Content/OpenWorldTemplate/LandscapeMaterial/T_GridChecker_A.uexp" 769
"../../../Engine/Content/Functions/Engine_MaterialFunctions01/Gradient/LinearGradient.uasset" 770
"../../../Engine/Content/Functions/Engine_MaterialFunctions01/Gradient/LinearGradient.uexp" 771
"../../../Engine/Content/Functions/Engine_MaterialFunctions01/ImageAdjustment/CheapContrast.uasset" 772
"../../../Engine/Content/Functions/Engine_MaterialFunctions01/ImageAdjustment/CheapContrast.uexp" 773
"../../../Engine/Content/OpenWorldTemplate/LandscapeMaterial/MF_ProcGrid.uasset" 774
"../../../Engine/Content/OpenWorldTemplate/LandscapeMaterial/MF_ProcGrid.uexp" 775
"../../../Engine/Content/OpenWorldTemplate/LandscapeMaterial/M_ProcGrid.uasset" 776
"../../../Engine/Content/OpenWorldTemplate/LandscapeMaterial/M_ProcGrid.uexp" 777
"../../../Engine/Content/OpenWorldTemplate/LandscapeMaterial/MI_ProcGrid.uasset" 778
"../../../Engine/Content/OpenWorldTemplate/LandscapeMaterial/MI_ProcGrid.uexp" 779
"../../../Engine/Content/EngineSky/T_Sky_Stars.uasset" 780
"../../../Engine/Content/EngineSky/T_Sky_Stars.uexp" 781
"../../../Engine/Content/EngineSky/T_Sky_Clouds_M.uasset" 782
"../../../Engine/Content/EngineSky/T_Sky_Clouds_M.uexp" 783
"../../../Engine/Content/EngineSky/T_Sky_Blue.uasset" 784
"../../../Engine/Content/EngineSky/T_Sky_Blue.uexp" 785
"../../../Engine/Content/EngineSky/M_Sky_Panning_Clouds2.uasset" 786
"../../../Engine/Content/EngineSky/M_Sky_Panning_Clouds2.uexp" 787
"../../../Engine/Content/EngineSky/SM_SkySphere.uasset" 788
"../../../Engine/Content/EngineSky/SM_SkySphere.uexp" 789
"../../../Engine/Content/MapTemplates/SM_Template_Map_Floor.uasset" 790
"../../../Engine/Content/MapTemplates/SM_Template_Map_Floor.uexp" 791
"C:/Users/Public/Unreal Projects/MobileRPG/Content/Chatlog/ChatLogStruct.uasset" 792
"C:/Users/Public/Unreal Projects/MobileRPG/Content/Chatlog/ChatLogStruct.uexp" 793
"C:/Users/Public/Unreal Projects/MobileRPG/Content/Chatlog/ChatLogObject.uasset" 794
"C:/Users/Public/Unreal Projects/MobileRPG/Content/Chatlog/ChatLogObject.uexp" 795
"C:/Users/Public/Unreal Projects/MobileRPG/Content/Chatlog/ChatLogWB.uasset" 796
"C:/Users/Public/Unreal Projects/MobileRPG/Content/Chatlog/ChatLogWB.uexp" 797
"C:/Users/Public/Unreal Projects/MobileRPG/Content/Maps/ChatHud.uasset" 798
"C:/Users/Public/Unreal Projects/MobileRPG/Content/Maps/ChatHud.uexp" 799
"../../../Engine/Content/EditorBlueprintResources/StandardMacros.uasset" 800
"../../../Engine/Content/EditorBlueprintResources/StandardMacros.uexp" 801
"C:/Users/Public/Unreal Projects/MobileRPG/Content/Maps/InGameController.uasset" 802
"C:/Users/Public/Unreal Projects/MobileRPG/Content/Maps/InGameController.uexp" 803
"C:/Users/Public/Unreal Projects/MobileRPG/Content/Maps/InGameMode.uasset" 804
"C:/Users/Public/Unreal Projects/MobileRPG/Content/Maps/InGameMode.uexp" 805
"../../../Engine/Content/EngineSky/M_SimpleSkyDome.uasset" 806
"../../../Engine/Content/EngineSky/M_SimpleSkyDome.uexp" 807
"C:/Users/Public/Unreal Projects/MobileRPG/Content/Maps/Template.uexp" 808
"C:/Users/Public/Unreal Projects/MobileRPG/Content/Maps/Template.umap" 809
